<?xml version="1.0" encoding="UTF-8"?>
<!-- Generated by org.testng.reporters.JUnitReportReporter -->
<testsuite hostname="neel-Aspire-5750" failures="0" tests="1" name="Academy.PracticeFramework.TodayDealsTest" time="39.183" errors="0" timestamp="2022-04-05T13:55:47 IST" skipped="0">
  <testcase classname="Academy.PracticeFramework.TodayDealsTest" name="openGrocery" time="39.183"/>
  <system-out/>
</testsuite> <!-- Academy.PracticeFramework.TodayDealsTest -->
