<?xml version="1.0" encoding="UTF-8"?>
<!-- Generated by org.testng.reporters.JUnitReportReporter -->
<testsuite hostname="neel-Aspire-5750" failures="0" tests="1" name="Academy.PracticeFramework.AmazonHomeTest" time="46.710" errors="0" timestamp="2022-04-05T17:22:23 IST" skipped="0">
  <testcase classname="Academy.PracticeFramework.AmazonHomeTest" name="openTodayDeals" time="46.710"/>
  <system-out/>
</testsuite> <!-- Academy.PracticeFramework.AmazonHomeTest -->
